<?xml version="1.0" encoding="UTF-8"?>
<!-- Generated by org.testng.reporters.JUnitReportReporter -->
<testsuite hostname="LAPTOP-SGU3QAPD" failures="0" tests="2" name="TestNGDay1.GoogleTest" time="5.488" errors="0" timestamp="2025-03-27T01:30:07 IST" skipped="0">
  <testcase classname="TestNGDay1.GoogleTest" name="MailTest" time="3.120"/>
  <system-out/>
  <testcase classname="TestNGDay1.GoogleTest" name="TitleTest" time="2.368"/>
  <system-out/>
</testsuite> <!-- TestNGDay1.GoogleTest -->
